<?xml version="1.0" encoding="UTF-8"?>
<testsuite xmlns:xsi="http://www.w3.org/2001/XMLSchema-instance" xsi:noNamespaceSchemaLocation="https://maven.apache.org/surefire/maven-surefire-plugin/xsd/surefire-test-report-3.0.xsd" version="3.0" name="org.example.MainTest" time="0.067" tests="1" errors="0" skipped="0" failures="0">
  <properties>
    <property name="java.specification.version" value="21"/>
    <property name="sun.jnu.encoding" value="UTF-8"/>
    <property name="java.class.path" value="/app/com.delia.ollama.rag/target/test-classes:/app/com.delia.ollama.rag/target/classes:/home/jules/.m2/repository/org/json/json/20211205/json-20211205.jar:/home/jules/.m2/repository/com/google/analytics/google-analytics-data/0.84.0/google-analytics-data-0.84.0.jar:/home/jules/.m2/repository/io/grpc/grpc-api/1.71.0/grpc-api-1.71.0.jar:/home/jules/.m2/repository/com/google/code/findbugs/jsr305/3.0.2/jsr305-3.0.2.jar:/home/jules/.m2/repository/com/google/errorprone/error_prone_annotations/2.38.0/error_prone_annotations-2.38.0.jar:/home/jules/.m2/repository/io/grpc/grpc-stub/1.71.0/grpc-stub-1.71.0.jar:/home/jules/.m2/repository/org/codehaus/mojo/animal-sniffer-annotations/1.24/animal-sniffer-annotations-1.24.jar:/home/jules/.m2/repository/io/grpc/grpc-protobuf/1.71.0/grpc-protobuf-1.71.0.jar:/home/jules/.m2/repository/io/grpc/grpc-protobuf-lite/1.71.0/grpc-protobuf-lite-1.71.0.jar:/home/jules/.m2/repository/com/google/api/api-common/2.53.0/api-common-2.53.0.jar:/home/jules/.m2/repository/com/google/auto/value/auto-value-annotations/1.11.0/auto-value-annotations-1.11.0.jar:/home/jules/.m2/repository/javax/annotation/javax.annotation-api/1.3.2/javax.annotation-api-1.3.2.jar:/home/jules/.m2/repository/com/google/j2objc/j2objc-annotations/3.0.0/j2objc-annotations-3.0.0.jar:/home/jules/.m2/repository/com/google/protobuf/protobuf-java/3.25.8/protobuf-java-3.25.8.jar:/home/jules/.m2/repository/com/google/api/grpc/proto-google-common-protos/2.61.0/proto-google-common-protos-2.61.0.jar:/home/jules/.m2/repository/com/google/api/grpc/proto-google-analytics-data-v1alpha/0.84.0/proto-google-analytics-data-v1alpha-0.84.0.jar:/home/jules/.m2/repository/com/google/api/grpc/proto-google-analytics-data-v1beta/0.84.0/proto-google-analytics-data-v1beta-0.84.0.jar:/home/jules/.m2/repository/com/google/guava/guava/33.4.0-jre/guava-33.4.0-jre.jar:/home/jules/.m2/repository/com/google/guava/failureaccess/1.0.2/failureaccess-1.0.2.jar:/home/jules/.m2/repository/com/google/guava/listenablefuture/9999.0-empty-to-avoid-conflict-with-guava/listenablefuture-9999.0-empty-to-avoid-conflict-with-guava.jar:/home/jules/.m2/repository/org/checkerframework/checker-qual/3.49.0/checker-qual-3.49.0.jar:/home/jules/.m2/repository/com/google/api/gax/2.70.0/gax-2.70.0.jar:/home/jules/.m2/repository/com/google/auth/google-auth-library-credentials/1.37.1/google-auth-library-credentials-1.37.1.jar:/home/jules/.m2/repository/com/google/protobuf/protobuf-java-util/3.25.8/protobuf-java-util-3.25.8.jar:/home/jules/.m2/repository/io/opencensus/opencensus-api/0.31.1/opencensus-api-0.31.1.jar:/home/jules/.m2/repository/io/grpc/grpc-context/1.71.0/grpc-context-1.71.0.jar:/home/jules/.m2/repository/com/google/auth/google-auth-library-oauth2-http/1.37.1/google-auth-library-oauth2-http-1.37.1.jar:/home/jules/.m2/repository/com/google/api/gax-grpc/2.70.0/gax-grpc-2.70.0.jar:/home/jules/.m2/repository/io/grpc/grpc-inprocess/1.71.0/grpc-inprocess-1.71.0.jar:/home/jules/.m2/repository/io/grpc/grpc-core/1.71.0/grpc-core-1.71.0.jar:/home/jules/.m2/repository/com/google/android/annotations/4.1.1.4/annotations-4.1.1.4.jar:/home/jules/.m2/repository/io/grpc/grpc-alts/1.71.0/grpc-alts-1.71.0.jar:/home/jules/.m2/repository/io/grpc/grpc-grpclb/1.71.0/grpc-grpclb-1.71.0.jar:/home/jules/.m2/repository/org/conscrypt/conscrypt-openjdk-uber/2.5.2/conscrypt-openjdk-uber-2.5.2.jar:/home/jules/.m2/repository/io/grpc/grpc-auth/1.71.0/grpc-auth-1.71.0.jar:/home/jules/.m2/repository/io/grpc/grpc-netty-shaded/1.71.0/grpc-netty-shaded-1.71.0.jar:/home/jules/.m2/repository/io/grpc/grpc-util/1.71.0/grpc-util-1.71.0.jar:/home/jules/.m2/repository/io/perfmark/perfmark-api/0.27.0/perfmark-api-0.27.0.jar:/home/jules/.m2/repository/io/grpc/grpc-googleapis/1.71.0/grpc-googleapis-1.71.0.jar:/home/jules/.m2/repository/io/grpc/grpc-xds/1.71.0/grpc-xds-1.71.0.jar:/home/jules/.m2/repository/io/grpc/grpc-services/1.71.0/grpc-services-1.71.0.jar:/home/jules/.m2/repository/com/google/re2j/re2j/1.8/re2j-1.8.jar:/home/jules/.m2/repository/com/google/api/gax-httpjson/2.70.0/gax-httpjson-2.70.0.jar:/home/jules/.m2/repository/com/google/code/gson/gson/2.12.1/gson-2.12.1.jar:/home/jules/.m2/repository/com/google/http-client/google-http-client/1.47.1/google-http-client-1.47.1.jar:/home/jules/.m2/repository/org/apache/httpcomponents/httpclient/4.5.14/httpclient-4.5.14.jar:/home/jules/.m2/repository/commons-codec/commons-codec/1.18.0/commons-codec-1.18.0.jar:/home/jules/.m2/repository/org/apache/httpcomponents/httpcore/4.4.16/httpcore-4.4.16.jar:/home/jules/.m2/repository/io/opencensus/opencensus-contrib-http-util/0.31.1/opencensus-contrib-http-util-0.31.1.jar:/home/jules/.m2/repository/com/google/http-client/google-http-client-gson/1.47.1/google-http-client-gson-1.47.1.jar:/home/jules/.m2/repository/org/threeten/threetenbp/1.7.0/threetenbp-1.7.0.jar:/home/jules/.m2/repository/org/junit/jupiter/junit-jupiter/5.8.2/junit-jupiter-5.8.2.jar:/home/jules/.m2/repository/org/junit/jupiter/junit-jupiter-api/5.8.2/junit-jupiter-api-5.8.2.jar:/home/jules/.m2/repository/org/opentest4j/opentest4j/1.2.0/opentest4j-1.2.0.jar:/home/jules/.m2/repository/org/junit/platform/junit-platform-commons/1.8.2/junit-platform-commons-1.8.2.jar:/home/jules/.m2/repository/org/apiguardian/apiguardian-api/1.1.2/apiguardian-api-1.1.2.jar:/home/jules/.m2/repository/org/junit/jupiter/junit-jupiter-params/5.8.2/junit-jupiter-params-5.8.2.jar:/home/jules/.m2/repository/org/junit/jupiter/junit-jupiter-engine/5.8.2/junit-jupiter-engine-5.8.2.jar:/home/jules/.m2/repository/org/junit/platform/junit-platform-engine/1.8.2/junit-platform-engine-1.8.2.jar:"/>
    <property name="java.vm.vendor" value="Ubuntu"/>
    <property name="sun.arch.data.model" value="64"/>
    <property name="java.vendor.url" value="https://ubuntu.com/"/>
    <property name="os.name" value="Linux"/>
    <property name="java.vm.specification.version" value="21"/>
    <property name="sun.java.launcher" value="SUN_STANDARD"/>
    <property name="sun.boot.library.path" value="/usr/lib/jvm/java-21-openjdk-amd64/lib"/>
    <property name="sun.java.command" value="/app/com.delia.ollama.rag/target/surefire/surefirebooter-20250914205915560_3.jar /app/com.delia.ollama.rag/target/surefire 2025-09-14T20-59-15_395-jvmRun1 surefire-20250914205915560_1tmp surefire_0-20250914205915560_2tmp"/>
    <property name="jdk.debug" value="release"/>
    <property name="surefire.test.class.path" value="/app/com.delia.ollama.rag/target/test-classes:/app/com.delia.ollama.rag/target/classes:/home/jules/.m2/repository/org/json/json/20211205/json-20211205.jar:/home/jules/.m2/repository/com/google/analytics/google-analytics-data/0.84.0/google-analytics-data-0.84.0.jar:/home/jules/.m2/repository/io/grpc/grpc-api/1.71.0/grpc-api-1.71.0.jar:/home/jules/.m2/repository/com/google/code/findbugs/jsr305/3.0.2/jsr305-3.0.2.jar:/home/jules/.m2/repository/com/google/errorprone/error_prone_annotations/2.38.0/error_prone_annotations-2.38.0.jar:/home/jules/.m2/repository/io/grpc/grpc-stub/1.71.0/grpc-stub-1.71.0.jar:/home/jules/.m2/repository/org/codehaus/mojo/animal-sniffer-annotations/1.24/animal-sniffer-annotations-1.24.jar:/home/jules/.m2/repository/io/grpc/grpc-protobuf/1.71.0/grpc-protobuf-1.71.0.jar:/home/jules/.m2/repository/io/grpc/grpc-protobuf-lite/1.71.0/grpc-protobuf-lite-1.71.0.jar:/home/jules/.m2/repository/com/google/api/api-common/2.53.0/api-common-2.53.0.jar:/home/jules/.m2/repository/com/google/auto/value/auto-value-annotations/1.11.0/auto-value-annotations-1.11.0.jar:/home/jules/.m2/repository/javax/annotation/javax.annotation-api/1.3.2/javax.annotation-api-1.3.2.jar:/home/jules/.m2/repository/com/google/j2objc/j2objc-annotations/3.0.0/j2objc-annotations-3.0.0.jar:/home/jules/.m2/repository/com/google/protobuf/protobuf-java/3.25.8/protobuf-java-3.25.8.jar:/home/jules/.m2/repository/com/google/api/grpc/proto-google-common-protos/2.61.0/proto-google-common-protos-2.61.0.jar:/home/jules/.m2/repository/com/google/api/grpc/proto-google-analytics-data-v1alpha/0.84.0/proto-google-analytics-data-v1alpha-0.84.0.jar:/home/jules/.m2/repository/com/google/api/grpc/proto-google-analytics-data-v1beta/0.84.0/proto-google-analytics-data-v1beta-0.84.0.jar:/home/jules/.m2/repository/com/google/guava/guava/33.4.0-jre/guava-33.4.0-jre.jar:/home/jules/.m2/repository/com/google/guava/failureaccess/1.0.2/failureaccess-1.0.2.jar:/home/jules/.m2/repository/com/google/guava/listenablefuture/9999.0-empty-to-avoid-conflict-with-guava/listenablefuture-9999.0-empty-to-avoid-conflict-with-guava.jar:/home/jules/.m2/repository/org/checkerframework/checker-qual/3.49.0/checker-qual-3.49.0.jar:/home/jules/.m2/repository/com/google/api/gax/2.70.0/gax-2.70.0.jar:/home/jules/.m2/repository/com/google/auth/google-auth-library-credentials/1.37.1/google-auth-library-credentials-1.37.1.jar:/home/jules/.m2/repository/com/google/protobuf/protobuf-java-util/3.25.8/protobuf-java-util-3.25.8.jar:/home/jules/.m2/repository/io/opencensus/opencensus-api/0.31.1/opencensus-api-0.31.1.jar:/home/jules/.m2/repository/io/grpc/grpc-context/1.71.0/grpc-context-1.71.0.jar:/home/jules/.m2/repository/com/google/auth/google-auth-library-oauth2-http/1.37.1/google-auth-library-oauth2-http-1.37.1.jar:/home/jules/.m2/repository/com/google/api/gax-grpc/2.70.0/gax-grpc-2.70.0.jar:/home/jules/.m2/repository/io/grpc/grpc-inprocess/1.71.0/grpc-inprocess-1.71.0.jar:/home/jules/.m2/repository/io/grpc/grpc-core/1.71.0/grpc-core-1.71.0.jar:/home/jules/.m2/repository/com/google/android/annotations/4.1.1.4/annotations-4.1.1.4.jar:/home/jules/.m2/repository/io/grpc/grpc-alts/1.71.0/grpc-alts-1.71.0.jar:/home/jules/.m2/repository/io/grpc/grpc-grpclb/1.71.0/grpc-grpclb-1.71.0.jar:/home/jules/.m2/repository/org/conscrypt/conscrypt-openjdk-uber/2.5.2/conscrypt-openjdk-uber-2.5.2.jar:/home/jules/.m2/repository/io/grpc/grpc-auth/1.71.0/grpc-auth-1.71.0.jar:/home/jules/.m2/repository/io/grpc/grpc-netty-shaded/1.71.0/grpc-netty-shaded-1.71.0.jar:/home/jules/.m2/repository/io/grpc/grpc-util/1.71.0/grpc-util-1.71.0.jar:/home/jules/.m2/repository/io/perfmark/perfmark-api/0.27.0/perfmark-api-0.27.0.jar:/home/jules/.m2/repository/io/grpc/grpc-googleapis/1.71.0/grpc-googleapis-1.71.0.jar:/home/jules/.m2/repository/io/grpc/grpc-xds/1.71.0/grpc-xds-1.71.0.jar:/home/jules/.m2/repository/io/grpc/grpc-services/1.71.0/grpc-services-1.71.0.jar:/home/jules/.m2/repository/com/google/re2j/re2j/1.8/re2j-1.8.jar:/home/jules/.m2/repository/com/google/api/gax-httpjson/2.70.0/gax-httpjson-2.70.0.jar:/home/jules/.m2/repository/com/google/code/gson/gson/2.12.1/gson-2.12.1.jar:/home/jules/.m2/repository/com/google/http-client/google-http-client/1.47.1/google-http-client-1.47.1.jar:/home/jules/.m2/repository/org/apache/httpcomponents/httpclient/4.5.14/httpclient-4.5.14.jar:/home/jules/.m2/repository/commons-codec/commons-codec/1.18.0/commons-codec-1.18.0.jar:/home/jules/.m2/repository/org/apache/httpcomponents/httpcore/4.4.16/httpcore-4.4.16.jar:/home/jules/.m2/repository/io/opencensus/opencensus-contrib-http-util/0.31.1/opencensus-contrib-http-util-0.31.1.jar:/home/jules/.m2/repository/com/google/http-client/google-http-client-gson/1.47.1/google-http-client-gson-1.47.1.jar:/home/jules/.m2/repository/org/threeten/threetenbp/1.7.0/threetenbp-1.7.0.jar:/home/jules/.m2/repository/org/junit/jupiter/junit-jupiter/5.8.2/junit-jupiter-5.8.2.jar:/home/jules/.m2/repository/org/junit/jupiter/junit-jupiter-api/5.8.2/junit-jupiter-api-5.8.2.jar:/home/jules/.m2/repository/org/opentest4j/opentest4j/1.2.0/opentest4j-1.2.0.jar:/home/jules/.m2/repository/org/junit/platform/junit-platform-commons/1.8.2/junit-platform-commons-1.8.2.jar:/home/jules/.m2/repository/org/apiguardian/apiguardian-api/1.1.2/apiguardian-api-1.1.2.jar:/home/jules/.m2/repository/org/junit/jupiter/junit-jupiter-params/5.8.2/junit-jupiter-params-5.8.2.jar:/home/jules/.m2/repository/org/junit/jupiter/junit-jupiter-engine/5.8.2/junit-jupiter-engine-5.8.2.jar:/home/jules/.m2/repository/org/junit/platform/junit-platform-engine/1.8.2/junit-platform-engine-1.8.2.jar:"/>
    <property name="sun.cpu.endian" value="little"/>
    <property name="user.home" value="/home/jules"/>
    <property name="user.language" value="en"/>
    <property name="java.specification.vendor" value="Oracle Corporation"/>
    <property name="java.version.date" value="2025-07-15"/>
    <property name="java.home" value="/usr/lib/jvm/java-21-openjdk-amd64"/>
    <property name="file.separator" value="/"/>
    <property name="basedir" value="/app/com.delia.ollama.rag"/>
    <property name="java.vm.compressedOopsMode" value="32-bit"/>
    <property name="line.separator" value="&#10;"/>
    <property name="java.vm.specification.vendor" value="Oracle Corporation"/>
    <property name="java.specification.name" value="Java Platform API Specification"/>
    <property name="surefire.real.class.path" value="/app/com.delia.ollama.rag/target/surefire/surefirebooter-20250914205915560_3.jar"/>
    <property name="sun.management.compiler" value="HotSpot 64-Bit Tiered Compilers"/>
    <property name="java.runtime.version" value="21.0.8+9-Ubuntu-0ubuntu124.04.1"/>
    <property name="user.name" value="jules"/>
    <property name="stdout.encoding" value="UTF-8"/>
    <property name="path.separator" value=":"/>
    <property name="os.version" value="6.8.0"/>
    <property name="java.runtime.name" value="OpenJDK Runtime Environment"/>
    <property name="file.encoding" value="UTF-8"/>
    <property name="java.vm.name" value="OpenJDK 64-Bit Server VM"/>
    <property name="localRepository" value="/home/jules/.m2/repository"/>
    <property name="java.vendor.url.bug" value="https://bugs.launchpad.net/ubuntu/+source/openjdk-21"/>
    <property name="java.io.tmpdir" value="/tmp"/>
    <property name="java.version" value="21.0.8"/>
    <property name="user.dir" value="/app/com.delia.ollama.rag"/>
    <property name="os.arch" value="amd64"/>
    <property name="java.vm.specification.name" value="Java Virtual Machine Specification"/>
    <property name="native.encoding" value="UTF-8"/>
    <property name="java.library.path" value="/usr/java/packages/lib:/usr/lib/x86_64-linux-gnu/jni:/lib/x86_64-linux-gnu:/usr/lib/x86_64-linux-gnu:/usr/lib/jni:/lib:/usr/lib"/>
    <property name="stderr.encoding" value="UTF-8"/>
    <property name="java.vm.info" value="mixed mode, sharing"/>
    <property name="java.vendor" value="Ubuntu"/>
    <property name="java.vm.version" value="21.0.8+9-Ubuntu-0ubuntu124.04.1"/>
    <property name="sun.io.unicode.encoding" value="UnicodeLittle"/>
    <property name="java.class.version" value="65.0"/>
  </properties>
  <testcase name="testGeneratePrompt" classname="org.example.MainTest" time="0.042"/>
</testsuite>